 Enter the input file name (in INP directory)
 filename=INP/nuc_r_deut_short.inp                                             
input files for EXTERNAL: runplan/target/output                         
RUNPLAN/nuc_r.inp                                                               
TARG/targ.D2tuna                                                                
OUT/nuc_r_deut_short_details.out                                                
 got here
 Reading parameters for Ioana's model
 Pauli suppression factors
  1.00 0.05 1.00 0.63 1.00 0.61 0.83 0.68 0.63 1.00 0.61 0.83
 Pauli suppression factors
  1.00 0.10 1.00 0.83 1.00 0.79 0.92 0.84 0.83 1.00 0.79 0.92
 Pauli suppression factors
  1.00 0.15 1.00 0.94 1.00 0.87 0.96 0.91 0.94 1.00 0.87 0.96
 Pauli suppression factors
  1.00 0.20 1.00 0.99 1.00 0.89 0.97 0.94 0.99 1.00 0.89 0.97
 Pauli suppression factors
  1.00 0.25 1.00 1.00 1.00 1.00 0.98 0.96 1.00 1.00 1.00 0.98
 Pauli suppression factors
  2.00 0.05 1.00 0.63 1.00 0.62 0.83 0.68 0.63 1.00 0.62 0.83
 Pauli suppression factors
  2.00 0.10 1.00 0.83 1.00 0.80 0.92 0.84 0.83 1.00 0.80 0.92
 Pauli suppression factors
  2.00 0.15 1.00 0.94 1.00 0.90 0.96 0.91 0.94 1.00 0.90 0.96
 Pauli suppression factors
  2.00 0.20 1.00 0.99 1.00 0.94 0.97 0.94 0.99 1.00 0.94 0.97
 Pauli suppression factors
  2.00 0.25 1.00 1.00 1.00 1.00 0.98 0.96 1.00 1.00 1.00 0.98
 Pauli suppression factors
  3.00 0.05 1.00 0.63 1.00 0.62 0.83 0.68 0.63 1.00 0.62 0.83
 Pauli suppression factors
  3.00 0.10 1.00 0.83 1.00 0.81 0.92 0.84 0.83 1.00 0.81 0.92
 Pauli suppression factors
  3.00 0.15 1.00 0.94 1.00 0.91 0.96 0.91 0.94 1.00 0.91 0.96
 Pauli suppression factors
  3.00 0.20 1.00 0.99 1.00 0.95 0.97 0.94 0.99 1.00 0.95 0.97
 Pauli suppression factors
  3.00 0.25 1.00 1.00 1.00 1.00 0.98 0.96 1.00 1.00 1.00 0.98
 Pauli suppression factors
  4.00 0.05 1.00 0.63 1.00 0.62 0.83 0.68 0.63 1.00 0.62 0.83
 Pauli suppression factors
  4.00 0.10 1.00 0.83 1.00 0.81 0.92 0.84 0.83 1.00 0.81 0.92
 Pauli suppression factors
  4.00 0.15 1.00 0.94 1.00 0.91 0.96 0.91 0.94 1.00 0.91 0.96
 Pauli suppression factors
  4.00 0.20 1.00 0.99 1.00 0.96 0.97 0.94 0.99 1.00 0.96 0.97
 Pauli suppression factors
  4.00 0.25 1.00 1.00 1.00 1.00 0.98 0.96 1.00 1.00 1.00 0.98
 Pauli suppression factors
  5.00 0.05 1.00 0.63 1.00 0.62 0.83 0.68 0.63 1.00 0.62 0.83
 Pauli suppression factors
  5.00 0.10 1.00 0.83 1.00 0.81 0.92 0.84 0.83 1.00 0.81 0.92
 Pauli suppression factors
  5.00 0.15 1.00 0.94 1.00 0.92 0.96 0.91 0.94 1.00 0.92 0.96
 Pauli suppression factors
  5.00 0.20 1.00 0.99 1.00 0.97 0.97 0.94 0.99 1.00 0.97 0.97
 Pauli suppression factors
  5.00 0.25 1.00 1.00 1.00 1.00 0.98 0.96 1.00 1.00 1.00 0.98
 e,ep,th,sigb,sigqe=    6.60    1.22   19.88  0.3689E+02  0.7737E-04
 TUNA rad len=  -1.97990   0.00143   0.00000   0.00501   0.00910   3.72388   0.01329
 TUNA rad len=  -0.99000   0.00143   0.00133   0.00388   0.00904   2.88216   0.01268
 TUNA rad len=   0.99000   0.00143   0.00400   0.00137   0.00904   1.02017   0.01268
 TUNA rad len=   0.00000   0.00143   0.00267   0.00267   0.00901   1.98000   0.01250
 TUNA rad len=   1.97990   0.00143   0.00533   0.00000   0.00910   0.00010   0.01330
 TUNA rad len=  -1.97990   0.00143   0.00000   0.00501   0.00910   3.72388   0.01329
   6.600 19.882  0.96   19.45   23.50   23.76   22.20    1.92   47.87  0.945
   1.217  0.095 10.02   23.73   27.06   26.96   25.53    2.10   54.59 3.689E+01

    6.6000   1.2170  19.8820   0.0948   0.9575  0.36888E+02  0.36888E+02  0.77375E-04  0.57025E+02  0.77342E+00  0.94187E+01  0.46832E+02  0.10000E+01
 e,ep,th,sigb,sigqe=    7.70    2.37   13.44  0.8556E+02  0.1861E-03
   7.700 13.440  1.00    8.81    9.20   18.96    8.65    0.53   28.14  0.940
   2.371  0.100  9.88   10.47   10.56   21.38    9.92    0.55   31.85 8.556E+01

    7.7000   2.3710  13.4400   0.1000   1.0000  0.85561E+02  0.85561E+02  0.18606E-03  0.11281E+03  0.46764E+00  0.84919E+01  0.10385E+03  0.10000E+01
 e,ep,th,sigb,sigqe=    8.80    3.47   10.38  0.1538E+03  0.3211E-03
   8.800 10.381  1.00    5.74    5.61   16.54    5.29    0.28   22.11  0.944
   3.471  0.100  9.88    6.74    6.44   18.60    6.08    0.29   24.96 1.538E+02

    8.8000   3.4710  10.3810   0.1000   1.0000  0.15381E+03  0.15381E+03  0.32106E-03  0.19221E+03  0.44264E+00  0.93517E+01  0.18241E+03  0.10000E+01
 e,ep,th,sigb,sigqe=   11.00    5.67    7.26  0.3507E+03  0.6998E-03
  11.000  7.259  1.00    3.45    3.20   13.56    3.06    0.13   16.75  0.955
   5.671  0.100  9.88    4.03    3.71   15.10    3.55    0.13   18.77 3.507E+02

   11.0000   5.6710   7.2590   0.1000   1.0000  0.35074E+03  0.35074E+03  0.69976E-03  0.41658E+03  0.44927E+00  0.12438E+02  0.40370E+03  0.10000E+01
 e,ep,th,sigb,sigqe=    5.50    1.24   22.10  0.3773E+02  0.2343E-03
   5.500 22.104  1.00   13.63   15.79   18.43   14.74    0.83   34.00  0.934
   1.237  0.125  7.88   16.48   18.14   20.55   16.93    0.90   38.38 3.773E+01

    5.5000   1.2370  22.1040   0.1250   1.0001  0.37734E+02  0.37734E+02  0.23426E-03  0.52218E+02  0.33825E+00  0.63899E+01  0.45490E+02  0.10000E+01
 e,ep,th,sigb,sigqe=    6.60    2.34   14.63  0.9430E+02  0.5525E-03
   6.600 14.629  1.00    6.70    6.81   14.87    6.40    0.27   21.53  0.939
   2.337  0.125  7.88    7.92    7.83   16.46    7.35    0.28   24.08 9.430E+01

    6.6000   2.3370  14.6290   0.1250   1.0001  0.94303E+02  0.94303E+02  0.55248E-03  0.11701E+03  0.26000E+00  0.69306E+01  0.10982E+03  0.10000E+01
 e,ep,th,sigb,sigqe=    7.70    3.44   11.15  0.1752E+03  0.9931E-03
   7.700 11.155  1.00    4.44    4.27   12.71    4.04    0.14   16.90  0.948
   3.437  0.125  7.88    5.20    4.92   13.95    4.67    0.14   18.75 1.752E+02

    7.7000   3.4370  11.1550   0.1250   1.0000  0.17524E+03  0.17524E+03  0.99307E-03  0.20810E+03  0.25128E+00  0.81751E+01  0.19968E+03  0.10000E+01
 e,ep,th,sigb,sigqe=    8.80    4.54    9.08  0.2818E+03  0.1565E-02
   8.800  9.077  1.00    3.38    3.18   11.16    3.03    0.09   14.29  0.955
   4.537  0.125  7.88    3.96    3.68   12.11    3.52    0.09   15.72 2.818E+02

    8.8000   4.5370   9.0770   0.1250   1.0000  0.28176E+03  0.28176E+03  0.15647E-02  0.32605E+03  0.25397E+00  0.99176E+01  0.31588E+03  0.10000E+01
 e,ep,th,sigb,sigqe=   11.00    6.74    6.66  0.5738E+03  0.3117E-02
  11.000  6.660  1.00    2.43    2.26    8.92    2.18    0.05   11.15  0.966
   6.737  0.125  7.88    2.86    2.65    9.39    2.56    0.05   12.01 5.738E+02

   11.0000   6.7370   6.6600   0.1250   1.0002  0.57383E+03  0.57382E+03  0.31174E-02  0.64271E+03  0.26552E+00  0.14717E+02  0.62773E+03  0.10000E+01
 e,ep,th,sigb,sigqe=    4.40    0.85   30.01  0.2436E+02  0.3569E-03
   4.400 30.015  1.00   16.11   19.77   16.83   18.29    0.95   36.07  0.925
   0.847  0.150  6.55   19.67   22.74   18.54   21.09    1.07   40.70 2.436E+01

    4.4000   0.8470  30.0150   0.1499   0.9996  0.24360E+02  0.24359E+02  0.35691E-03  0.34273E+02  0.25958E+00  0.51376E+01  0.28876E+02  0.10000E+01
 e,ep,th,sigb,sigqe=    6.60    3.05   12.80  0.1618E+03  0.2157E-02
   6.600 12.802  1.00    4.09    3.95   10.29    3.75    0.09   14.14  0.950
   3.047  0.150  6.55    4.81    4.56   10.96    4.33    0.10   15.39 1.618E+02

    6.6000   3.0470  12.8020   0.1500   0.9998  0.16182E+03  0.16182E+03  0.21570E-02  0.18673E+03  0.15436E+00  0.70144E+01  0.17956E+03  0.10000E+01
 e,ep,th,sigb,sigqe=    8.80    5.25    8.44  0.4214E+03  0.5459E-02
   8.800  8.439  1.00    2.53    2.40    7.38    2.31    0.04    9.74  0.965
   5.247  0.150  6.55    3.01    2.81    7.45    2.71    0.04   10.21 4.214E+02

    8.8000   5.2470   8.4390   0.1500   0.9999  0.42145E+03  0.42144E+03  0.54592E-02  0.46446E+03  0.16055E+00  0.11441E+02  0.45286E+03  0.10000E+01
 e,ep,th,sigb,sigqe=   11.00    7.45    6.33  0.8090E+03  0.1036E-01
  11.000  6.334  1.00    2.03    1.91    5.42    1.86    0.02    7.30  0.973
   7.447  0.150  6.55    2.41    2.27    5.03    2.21    0.02    7.27 8.090E+02

   11.0000   7.4470   6.3340   0.1500   1.0001  0.80903E+03  0.80902E+03  0.10358E-01  0.86783E+03  0.17019E+00  0.17911E+02  0.84975E+03  0.10000E+01
 e,ep,th,sigb,sigqe=    4.40    1.36   23.63  0.4898E+02  0.1427E-02
   4.400 23.633  1.00    7.94    8.59   11.64    8.00    0.23   19.86  0.931
   1.355  0.175  5.59    9.47    9.86   12.40    9.20    0.24   21.84 4.899E+01

    4.4000   1.3550  23.6330   0.1750   1.0000  0.48986E+02  0.48984E+02  0.14268E-02  0.59684E+02  0.11783E+00  0.45056E+01  0.55060E+02  0.10000E+01
 e,ep,th,sigb,sigqe=    5.50    2.45   15.64  0.1242E+03  0.3487E-02
   5.500 15.641  1.00    4.30    4.21    8.78    3.99    0.08   12.85  0.947
   2.455  0.175  5.59    5.05    4.86    9.05    4.61    0.08   13.74 1.242E+02

    5.5000   2.4550  15.6410   0.1750   1.0000  0.12421E+03  0.12420E+03  0.34875E-02  0.14128E+03  0.10087E+00  0.57234E+01  0.13545E+03  0.10000E+01
 e,ep,th,sigb,sigqe=    6.60    3.56   11.85  0.2346E+03  0.6470E-02
   6.600 11.850  1.00    3.08    2.93    6.91    2.82    0.04    9.77  0.961
   3.555  0.175  5.59    3.62    3.41    6.81    3.28    0.04   10.14 2.347E+02

    6.6000   3.5550  11.8500   0.1750   1.0001  0.23465E+03  0.23465E+03  0.64701E-02  0.25844E+03  0.10115E+00  0.76974E+01  0.25064E+03  0.10000E+01
 e,ep,th,sigb,sigqe=    8.80    5.76    8.06  0.5658E+03  0.1535E-01
   8.800  8.058  1.00    2.19    2.07    4.34    2.01    0.02    6.37  0.974
   5.755  0.175  5.59    2.60    2.45    3.66    2.39    0.02    6.07 5.658E+02

    8.8000   5.7550   8.0580   0.1750   1.0000  0.56584E+03  0.56583E+03  0.15351E-01  0.60018E+03  0.10830E+00  0.13518E+02  0.58656E+03  0.10000E+01
 e,ep,th,sigb,sigqe=   11.00    7.95    6.13  0.1047E+04  0.2822E-01
  11.000  6.128  1.00    1.85    1.77    2.53    1.73    0.01    4.27  0.980
   7.955  0.175  5.59    2.22    2.12    1.40    2.08    0.01    3.49 1.047E+03

   11.0000   7.9550   6.1280   0.1750   1.0000  0.10471E+04  0.10470E+04  0.28216E-01  0.10836E+04  0.11711E+00  0.21774E+02  0.10618E+04  0.10000E+01
 e,ep,th,sigb,sigqe=    5.50    0.93   31.38  0.1161E+02  0.9427E-04
   5.500 31.379  1.50   15.44   18.81   18.84   17.26    0.58   36.68  0.918
   0.932  0.175  7.95   18.74   21.49   20.50   19.70    0.64   40.84 1.161E+01

    5.5000   0.9320  31.3790   0.1749   1.4994  0.11608E+02  0.11608E+02  0.94274E-04  0.16348E+02  0.73932E-01  0.22867E+01  0.13987E+02  0.10000E+01
 e,ep,th,sigb,sigqe=    6.60    2.03   19.25  0.3335E+02  0.2546E-03
   6.600 19.251  1.50    5.79    5.80   13.42    5.45    0.14   19.01  0.939
   2.032  0.175  7.95    6.79    6.61   14.27    6.21    0.14   20.63 3.335E+01

    6.6000   2.0320  19.2510   0.1750   1.4998  0.33353E+02  0.33353E+02  0.25463E-03  0.40232E+02  0.48286E-01  0.20712E+01  0.38113E+02  0.10000E+01
 e,ep,th,sigb,sigqe=    7.70    3.13   14.33  0.6501E+02  0.4788E-03
   7.700 14.326  1.50    3.37    3.11   10.72    2.97    0.07   13.76  0.956
   3.132  0.175  7.95    3.90    3.54   11.15    3.39    0.07   14.61 6.501E+01

    7.7000   3.1320  14.3260   0.1750   1.4999  0.65012E+02  0.65011E+02  0.47880E-03  0.74513E+02  0.46519E-01  0.22032E+01  0.72263E+02  0.10000E+01
 e,ep,th,sigb,sigqe=    8.80    4.23   11.52  0.1072E+03  0.7725E-03
   8.800 11.518  1.50    2.37    2.11    8.94    2.04    0.04   11.02  0.967
   4.232  0.175  7.95    2.73    2.41    9.06    2.33    0.04   11.44 1.072E+02

    8.8000   4.2320  11.5180   0.1750   1.4999  0.10722E+03  0.10722E+03  0.77246E-03  0.11949E+03  0.47401E-01  0.25006E+01  0.11694E+03  0.10000E+01
 e,ep,th,sigb,sigqe=   11.00    6.43    8.35  0.2246E+03  0.1580E-02
  11.000  8.350  1.50    1.54    1.35    6.49    1.32    0.02    7.83  0.978
   6.432  0.175  7.95    1.77    1.56    6.13    1.53    0.02    7.68 2.246E+02

   11.0000   6.4320   8.3500   0.1750   1.5000  0.22461E+03  0.22461E+03  0.15799E-02  0.24186E+03  0.49897E-01  0.34260E+01  0.23838E+03  0.10000E+01
 e,ep,th,sigb,sigqe=    5.50    2.84   14.55  0.1718E+03  0.8977E-02
   5.500 14.548  1.00    3.35    3.23    5.77    3.09    0.04    8.91  0.959
   2.836  0.200  4.88    3.94    3.75    5.35    3.60    0.04    9.00 1.718E+02

    5.5000   2.8360  14.5480   0.2001   1.0002  0.17185E+03  0.17184E+03  0.89769E-02  0.18731E+03  0.68547E-01  0.61896E+01  0.18105E+03  0.10000E+01
 e,ep,th,sigb,sigqe=    6.60    3.94   11.26  0.3087E+03  0.1622E-01
   6.600 11.260  1.00    2.61    2.48    4.11    2.40    0.02    6.54  0.968
   3.936  0.200  4.88    3.08    2.92    3.33    2.83    0.02    6.18 3.087E+02

    6.6000   3.9360  11.2600   0.2000   1.0001  0.30872E+03  0.30870E+03  0.16216E-01  0.32781E+03  0.70721E-01  0.87385E+01  0.31900E+03  0.10000E+01
 e,ep,th,sigb,sigqe=    7.70    5.04    9.21  0.4872E+03  0.2544E-01
   7.700  9.211  1.00    2.24    2.13    2.80    2.08    0.01    4.90  0.976
   5.036  0.200  4.88    2.66    2.53    1.72    2.47    0.02    4.20 4.873E+02

    7.7000   5.0360   9.2110   0.2000   1.0000  0.48726E+03  0.48724E+03  0.25441E-01  0.50775E+03  0.73988E-01  0.12020E+02  0.49565E+03  0.10000E+01
 e,ep,th,sigb,sigqe=    8.80    6.14    7.80  0.7076E+03  0.3622E-01
   8.800  7.804  1.00    2.02    1.93    1.73    1.89    0.01    3.63  0.982
   6.136  0.200  4.88    2.42    2.31    0.38    2.26    0.01    2.66 7.077E+02

    8.8000   6.1360   7.8040   0.2001   1.0002  0.70767E+03  0.70763E+03  0.36222E-01  0.72648E+03  0.77827E-01  0.16027E+02  0.71038E+03  0.10000E+01
 e,ep,th,sigb,sigqe=   11.00    8.34    5.99  0.1277E+04  0.6616E-01
  11.000  5.986  1.00    1.78    1.72    0.01    1.69    0.01    1.71  0.987
   8.336  0.200  4.88    2.15    2.08   -1.76    2.05    0.01    0.30 1.277E+03

   11.0000   8.3360   5.9860   0.2000   1.0000  0.12769E+04  0.12768E+04  0.66160E-01  0.12807E+04  0.86180E-01  0.26203E+02  0.12544E+04  0.10000E+01
 e,ep,th,sigb,sigqe=    5.50    0.97   32.78  0.9381E+01  0.9305E-04
   5.500 32.782  1.70   13.20   15.73   17.23   14.47    0.35   32.05  0.919
   0.970  0.200  7.68   15.92   17.93   18.45   16.46    0.38   35.29 9.381E+00

    5.5000   0.9700  32.7820   0.1999   1.6993  0.93813E+01  0.93812E+01  0.93051E-04  0.12692E+02  0.35603E-01  0.15443E+01  0.11112E+02  0.10000E+01
 e,ep,th,sigb,sigqe=    6.60    2.07   20.32  0.2637E+02  0.2471E-03
   6.600 20.315  1.70    4.88    4.77   11.87    4.51    0.09   16.47  0.946
   2.070  0.200  7.68    5.70    5.42   12.31    5.13    0.09   17.53 2.637E+01

    6.6000   2.0700  20.3150   0.1999   1.6996  0.26372E+02  0.26371E+02  0.24709E-03  0.30994E+02  0.24336E-01  0.13530E+01  0.29617E+02  0.10000E+01
 e,ep,th,sigb,sigqe=    7.70    3.17   15.16  0.5103E+02  0.4626E-03
   7.700 15.164  1.70    2.82    2.53    9.21    2.44    0.05   11.70  0.964
   3.170  0.200  7.68    3.25    2.88    9.23    2.78    0.05   12.06 5.103E+01

    7.7000   3.1700  15.1640   0.2000   1.6998  0.51026E+02  0.51026E+02  0.46260E-03  0.57180E+02  0.23829E-01  0.14187E+01  0.55737E+02  0.10000E+01
 e,ep,th,sigb,sigqe=    8.80    4.27   12.21  0.8386E+02  0.7450E-03
   8.800 12.209  1.70    1.97    1.71    7.45    1.67    0.03    9.15  0.973
   4.270  0.200  7.68    2.26    1.96    7.17    1.90    0.03    9.10 8.386E+01

    8.8000   4.2700  12.2090   0.1999   1.6997  0.83856E+02  0.83855E+02  0.74504E-03  0.91485E+02  0.24368E-01  0.15962E+01  0.89865E+02  0.10000E+01
 e,ep,th,sigb,sigqe=   11.00    6.47    8.86  0.1749E+03  0.1520E-02
  11.000  8.864  1.70    1.27    1.09    5.03    1.07    0.01    6.12  0.980
   6.470  0.200  7.68    1.46    1.26    4.27    1.23    0.01    5.52 1.749E+02

   11.0000   6.4700   8.8640   0.2000   1.7000  0.17492E+03  0.17492E+03  0.15205E-02  0.18458E+03  0.25660E-01  0.21585E+01  0.18239E+03  0.10000E+01
 e,ep,th,sigb,sigqe=    4.40    1.37   26.66  0.2980E+02  0.1312E-02
   4.400 26.657  1.28    6.29    6.64    9.38    6.19    0.10   15.66  0.932
   1.368  0.225  5.29    7.45    7.58    9.43    7.07    0.10   16.60 2.980E+01

    4.4000   1.3680  26.6570   0.2249   1.2796  0.29800E+02  0.29799E+02  0.13123E-02  0.34747E+02  0.30914E-01  0.21072E+01  0.32609E+02  0.10000E+01
 e,ep,th,sigb,sigqe=    5.50    2.47   17.66  0.7503E+02  0.3220E-02
   5.500 17.663  1.28    3.28    3.13    6.38    2.99    0.04    9.41  0.957
   2.468  0.225  5.29    3.82    3.59    5.92    3.44    0.04    9.40 7.503E+01

    5.5000   2.4680  17.6630   0.2249   1.2798  0.75033E+02  0.75029E+02  0.32196E-02  0.82085E+02  0.27269E-01  0.25815E+01  0.79476E+02  0.10000E+01
 e,ep,th,sigb,sigqe=    6.60    3.57   13.39  0.1413E+03  0.5965E-02
   6.600 13.388  1.28    2.30    2.14    4.47    2.07    0.02    6.56  0.970
   3.568  0.225  5.29    2.68    2.48    3.64    2.40    0.02    6.06 1.413E+02

    6.6000   3.5680  13.3880   0.2250   1.2799  0.14134E+03  0.14133E+03  0.59649E-02  0.14991E+03  0.27907E-01  0.33988E+01  0.14648E+03  0.10000E+01
 e,ep,th,sigb,sigqe=    8.80    5.77    9.11  0.3399E+03  0.1413E-01
   8.800  9.108  1.28    1.60    1.48    1.88    1.46    0.01    3.35  0.984
   5.768  0.225  5.29    1.88    1.75    0.47    1.72    0.01    2.20 3.399E+02

    8.8000   5.7680   9.1080   0.2250   1.2800  0.33988E+03  0.33986E+03  0.14132E-01  0.34737E+03  0.30143E-01  0.58529E+01  0.34149E+03  0.10000E+01
 e,ep,th,sigb,sigqe=   11.00    7.97    6.93  0.6281E+03  0.2596E-01
  11.000  6.928  1.28    1.33    1.26    0.06    1.25    0.01    1.31  0.990
   7.968  0.225  5.29    1.59    1.50   -1.77    1.49    0.01   -0.28 6.281E+02

   11.0000   7.9680   6.9280   0.2250   1.2799  0.62814E+03  0.62811E+03  0.25958E-01  0.62638E+03  0.32259E-01  0.93448E+01  0.61700E+03  0.10000E+01
 e,ep,th,sigb,sigqe=    5.50    1.00   34.18  0.7619E+01  0.9189E-04
   5.500 34.180  1.90   11.47   13.40   15.73   12.31    0.22   28.26  0.919
   1.000  0.225  7.42   13.77   15.23   16.55   13.96    0.24   30.75 7.619E+00

    5.5000   1.0000  34.1800   0.2250   1.9000  0.76189E+01  0.76188E+01  0.91893E-04  0.99620E+01  0.17926E-01  0.10639E+01  0.88801E+01  0.10000E+01
 e,ep,th,sigb,sigqe=    6.60    2.10   21.34  0.2107E+02  0.2410E-03
   6.600 21.337  1.90    4.18    3.99   10.45    3.80    0.06   14.30  0.951
   2.100  0.225  7.42    4.86    4.52   10.51    4.30    0.06   14.88 2.107E+01

    6.6000   2.1000  21.3370   0.2250   1.9000  0.21066E+02  0.21066E+02  0.24104E-03  0.24200E+02  0.12818E-01  0.90679E+00  0.23280E+02  0.10000E+01
 e,ep,th,sigb,sigqe=    7.70    3.20   15.96  0.4054E+02  0.4500E-03
   7.700 15.962  1.90    2.40    2.11    7.84    2.04    0.03    9.91  0.968
   3.200  0.225  7.42    2.75    2.39    7.49    2.31    0.03    9.84 4.054E+01

    7.7000   3.2000  15.9620   0.2250   1.9000  0.40540E+02  0.40540E+02  0.44996E-03  0.44528E+02  0.12687E-01  0.93842E+00  0.43577E+02  0.10000E+01
 e,ep,th,sigb,sigqe=    8.80    4.30   12.87  0.6642E+02  0.7236E-03
   8.800 12.866  1.90    1.67    1.42    6.12    1.38    0.02    7.52  0.976
   4.300  0.225  7.42    1.91    1.62    5.46    1.58    0.02    7.06 6.642E+01

    8.8000   4.3000  12.8660   0.2250   1.9001  0.66417E+02  0.66417E+02  0.72359E-03  0.71105E+02  0.12968E-01  0.10483E+01  0.70044E+02  0.10000E+01
 e,ep,th,sigb,sigqe=   11.00    6.50    9.35  0.1382E+03  0.1475E-02
  11.000  9.350  1.90    1.07    0.90    3.71    0.89    0.01    4.61  0.982
   6.500  0.225  7.43    1.22    1.04    2.59    1.02    0.01    3.63 1.382E+02

   11.0000   6.5000   9.3500   0.2250   1.8999  0.13818E+03  0.13818E+03  0.14754E-02  0.14319E+03  0.13746E-01  0.14114E+01  0.14177E+03  0.10000E+01
 e,ep,th,sigb,sigqe=    4.40    1.20   30.88  0.1714E+02  0.7653E-03
   4.400 30.878  1.50    6.80    7.33    9.55    6.81    0.09   16.45  0.929
   1.203  0.250  5.38    8.07    8.34    9.45    7.75    0.09   17.30 1.714E+01

    4.4000   1.2030  30.8780   0.2501   1.5005  0.17137E+02  0.17136E+02  0.76533E-03  0.20102E+02  0.15998E-01  0.13287E+01  0.18757E+02  0.10000E+01
 e,ep,th,sigb,sigqe=    5.50    2.30   19.82  0.4584E+02  0.1971E-02
   5.500 19.817  1.50    3.14    2.97    6.09    2.85    0.03    8.97  0.959
   2.303  0.250  5.38    3.64    3.39    5.43    3.26    0.03    8.72 4.584E+01

    5.5000   2.3030  19.8170   0.2501   1.5002  0.45842E+02  0.45840E+02  0.19711E-02  0.49841E+02  0.13401E-01  0.14949E+01  0.48333E+02  0.10000E+01
 e,ep,th,sigb,sigqe=    6.60    3.40   14.85  0.8849E+02  0.3734E-02
   6.600 14.849  1.50    2.08    1.90    4.03    1.84    0.02    5.88  0.972
   3.403  0.250  5.38    2.41    2.18    2.99    2.12    0.02    5.13 8.849E+01

    6.6000   3.4030  14.8490   0.2500   1.5001  0.88495E+02  0.88491E+02  0.37337E-02  0.93032E+02  0.13692E-01  0.18791E+01  0.91139E+02  0.10000E+01
 e,ep,th,sigb,sigqe=    8.80    5.60   10.01  0.2177E+03  0.9030E-02
   8.800 10.007  1.50    1.36    1.24    1.32    1.22    0.01    2.54  0.987
   5.603  0.250  5.38    1.59    1.45   -0.29    1.43    0.01    1.15 2.177E+02

    8.8000   5.6030  10.0070   0.2501   1.5002  0.21769E+03  0.21768E+03  0.90304E-02  0.22018E+03  0.14647E-01  0.31133E+01  0.21705E+03  0.10000E+01
 e,ep,th,sigb,sigqe=   11.00    7.80    7.58  0.4070E+03  0.1677E-01
  11.000  7.580  1.50    1.10    1.02   -0.55    1.01    0.00    0.47  0.992
   7.803  0.250  5.38    1.30    1.21   -2.58    1.20    0.00   -1.37 4.070E+02

   11.0000   7.8030   7.5800   0.2500   1.5001  0.40699E+03  0.40698E+03  0.16766E-01  0.40141E+03  0.15645E-01  0.48907E+01  0.39651E+03  0.10000E+01
 e,ep,th,sigb,sigqe=    5.50    0.92   38.10  0.5131E+01  0.6821E-04
   5.500 38.105  2.15   11.97   14.19   15.54   13.00    0.18   28.73  0.916
   0.917  0.250  7.33   14.38   16.10   16.17   14.75    0.20   31.11 5.131E+00

    5.5000   0.9170  38.1050   0.2500   2.1497  0.51308E+01  0.51308E+01  0.68210E-04  0.67271E+01  0.10096E-01  0.75658E+00  0.59604E+01  0.10000E+01
 e,ep,th,sigb,sigqe=    6.60    2.02   23.18  0.1483E+02  0.1872E-03
   6.600 23.183  2.15    3.94    3.71    9.68    3.55    0.04   13.27  0.956
   2.017  0.250  7.33    4.57    4.20    9.47    4.01    0.05   13.53 1.483E+01

    6.6000   2.0170  23.1830   0.2500   2.1499  0.14834E+02  0.14834E+02  0.18722E-03  0.16841E+02  0.67793E-02  0.59541E+00  0.16239E+02  0.10000E+01
 e,ep,th,sigb,sigqe=    7.70    3.12   17.21  0.2894E+02  0.3545E-03
   7.700 17.213  2.15    2.17    1.86    6.95    1.81    0.02    8.77  0.970
   3.117  0.250  7.33    2.48    2.11    6.31    2.05    0.02    8.38 2.895E+01

    7.7000   3.1170  17.2130   0.2500   2.1499  0.28945E+02  0.28945E+02  0.35449E-03  0.31371E+02  0.66584E-02  0.59235E+00  0.30772E+02  0.10000E+01
 e,ep,th,sigb,sigqe=    8.80    4.22   13.82  0.4777E+02  0.5744E-03
   8.800 13.824  2.15    1.48    1.22    5.16    1.19    0.01    6.37  0.977
   4.217  0.250  7.33    1.68    1.39    4.22    1.36    0.01    5.59 4.777E+01

    8.8000   4.2170  13.8240   0.2500   2.1498  0.47771E+02  0.47770E+02  0.57438E-03  0.50442E+02  0.68240E-02  0.64741E+00  0.49788E+02  0.10000E+01
 e,ep,th,sigb,sigqe=   11.00    6.42   10.01  0.1001E+03  0.1180E-02
  11.000 10.012  2.15    0.92    0.76    2.74    0.74    0.01    3.48  0.980
   6.417  0.250  7.33    1.04    0.87    1.33    0.85    0.01    2.19 1.001E+02

   11.0000   6.4170  10.0120   0.2500   2.1499  0.10012E+03  0.10012E+03  0.11800E-02  0.10231E+03  0.72326E-02  0.85011E+00  0.10145E+03  0.10000E+01
 e,ep,th,sigb,sigqe=    4.40    1.49   27.64  0.2372E+02  0.1685E-02
   4.400 27.643  1.50    4.67    4.73    6.61    4.46    0.04   11.11  0.943
   1.493  0.275  4.84    5.48    5.39    5.94    5.09    0.04   11.07 2.372E+01

    4.4000   1.4930  27.6430   0.2749   1.4997  0.23724E+02  0.23723E+02  0.16845E-02  0.26350E+02  0.10078E-01  0.12071E+01  0.25133E+02  0.10000E+01
 e,ep,th,sigb,sigqe=    5.50    2.59   18.66  0.5731E+02  0.3961E-02
   5.500 18.663  1.50    2.53    2.36    3.78    2.29    0.02    6.08  0.969
   2.593  0.275  4.84    2.94    2.71    2.62    2.63    0.02    5.26 5.731E+01

    5.5000   2.5930  18.6630   0.2749   1.4998  0.57314E+02  0.57310E+02  0.39615E-02  0.60331E+02  0.95173E-02  0.15057E+01  0.58816E+02  0.10000E+01
 e,ep,th,sigb,sigqe=    6.60    3.69   14.25  0.1060E+03  0.7231E-02
   6.600 14.250  1.50    1.81    1.66    1.93    1.63    0.01    3.57  0.981
   3.693  0.275  4.84    2.11    1.93    0.41    1.89    0.01    2.31 1.060E+02

    6.6000   3.6930  14.2500   0.2750   1.4999  0.10601E+03  0.10600E+03  0.72306E-02  0.10846E+03  0.98206E-02  0.20020E+01  0.10644E+03  0.10000E+01
 e,ep,th,sigb,sigqe=    8.80    5.89    9.76  0.2505E+03  0.1688E-01
   8.800  9.756  1.50    1.29    1.19   -0.60    1.18    0.00    0.58  0.992
   5.893  0.275  4.84    1.51    1.40   -2.67    1.39    0.00   -1.28 2.505E+02

    8.8000   5.8930   9.7560   0.2750   1.4999  0.25048E+03  0.25046E+03  0.16882E-01  0.24727E+03  0.10618E-01  0.34821E+01  0.24378E+03  0.10000E+01
 e,ep,th,sigb,sigqe=   11.00    8.09    7.44  0.4589E+03  0.3078E-01
  11.000  7.442  1.50    1.09    1.02   -2.38    1.02    0.00   -1.36  0.996
   8.093  0.275  4.84    1.29    1.22   -4.86    1.21    0.00   -3.65 4.589E+02

   11.0000   8.0930   7.4420   0.2749   1.4998  0.45892E+03  0.45889E+03  0.30778E-01  0.44219E+03  0.11487E-01  0.55752E+01  0.43660E+03  0.10000E+01
 e,ep,th,sigb,sigqe=    5.50    1.04   36.91  0.5097E+01  0.8714E-04
   5.500 36.914  2.30    9.04   10.16   13.04    9.43    0.10   22.56  0.927
   1.043  0.275  6.94   10.75   11.50   13.17   10.66    0.10   23.93 5.097E+00

    5.5000   1.0430  36.9140   0.2750   2.2999  0.50972E+01  0.50971E+01  0.87142E-04  0.63171E+01  0.52272E-02  0.54342E+00  0.57684E+01  0.10000E+01
 e,ep,th,sigb,sigqe=    6.60    2.14   23.26  0.1377E+02  0.2248E-03
   6.600 23.264  2.30    3.21    2.92    7.94    2.81    0.03   10.78  0.962
   2.143  0.275  6.94    3.69    3.30    7.35    3.18    0.03   10.56 1.377E+01

    6.6000   2.1430  23.2640   0.2750   2.2999  0.13769E+02  0.13768E+02  0.22481E-03  0.15222E+02  0.39506E-02  0.43721E+00  0.14781E+02  0.10000E+01
 e,ep,th,sigb,sigqe=    7.70    3.24   17.46  0.2628E+02  0.4179E-03
   7.700 17.456  2.30    1.82    1.53    5.43    1.49    0.01    6.93  0.974
   3.243  0.275  6.94    2.07    1.73    4.44    1.69    0.01    6.14 2.628E+01

    7.7000   3.2430  17.4560   0.2750   2.3000  0.26280E+02  0.26280E+02  0.41789E-03  0.27893E+02  0.39176E-02  0.44308E+00  0.27446E+02  0.10000E+01
 e,ep,th,sigb,sigqe=    8.80    4.34   14.09  0.4287E+02  0.6707E-03
   8.800 14.091  2.30    1.26    1.03    3.74    1.01    0.01    4.75  0.979
   4.343  0.275  6.94    1.43    1.17    2.46    1.14    0.01    3.61 4.287E+01

    8.8000   4.3430  14.0910   0.2750   2.3000  0.42868E+02  0.42868E+02  0.67074E-03  0.44415E+02  0.40380E-02  0.48982E+00  0.43921E+02  0.10000E+01
 e,ep,th,sigb,sigqe=   11.00    6.54   10.26  0.8874E+02  0.1364E-02
  11.000 10.256  2.30    0.80    0.65    1.39    0.64    0.00    2.04  0.980
   6.543  0.275  6.94    0.91    0.75   -0.34    0.74    0.00    0.40 8.875E+01

   11.0000   6.5430  10.2560   0.2750   2.3000  0.88745E+02  0.88744E+02  0.13645E-02  0.89099E+02  0.42664E-02  0.65289E+00  0.88442E+02  0.10000E+01
 e,ep,th,sigb,sigqe=    4.40    1.74   25.61  0.2987E+02  0.3312E-02
   4.400 25.606  1.50    3.64    3.55    4.43    3.40    0.02    7.86  0.957
   1.736  0.300  4.38    4.24    4.06    3.32    3.89    0.02    7.23 2.988E+01

    4.4000   1.7360  25.6060   0.3001   1.5004  0.29876E+02  0.29873E+02  0.33118E-02  0.32036E+02  0.69442E-02  0.11613E+01  0.30868E+02  0.10000E+01
 e,ep,th,sigb,sigqe=    5.50    2.84   17.84  0.6759E+02  0.7348E-02
   5.500 17.841  1.50    2.21    2.06    1.95    2.01    0.01    3.97  0.978
   2.836  0.300  4.38    2.57    2.37    0.38    2.32    0.01    2.71 6.759E+01

    5.5000   2.8360  17.8410   0.3001   1.5002  0.67593E+02  0.67586E+02  0.73477E-02  0.69426E+02  0.69490E-02  0.15689E+01  0.67850E+02  0.10000E+01
 e,ep,th,sigb,sigqe=    6.60    3.94   13.80  0.1212E+03  0.1305E-01
   6.600 13.802  1.50    1.68    1.56    0.24    1.54    0.01    1.78  0.989
   3.936  0.300  4.38    1.97    1.81   -1.69    1.79    0.01    0.11 1.212E+02

    6.6000   3.9360  13.8020   0.3001   1.5002  0.12122E+03  0.12121E+03  0.13051E-01  0.12136E+03  0.72215E-02  0.21738E+01  0.11918E+03  0.10000E+01
 e,ep,th,sigb,sigqe=    8.80    6.14    9.56  0.2776E+03  0.2963E-01
   8.800  9.561  1.50    1.27    1.19   -2.18    1.19    0.00   -0.98  0.998
   6.136  0.300  4.38    1.51    1.41   -4.64    1.41    0.00   -3.22 2.776E+02

    8.8000   6.1360   9.5610   0.3001   1.5001  0.27761E+03  0.27758E+03  0.29630E-01  0.26866E+03  0.79377E-02  0.39121E+01  0.26474E+03  0.10000E+01
 e,ep,th,sigb,sigqe=   11.00    8.34    7.33  0.5005E+03  0.5323E-01
  11.000  7.333  1.50    1.11    1.05   -3.89    1.06    0.00   -2.83  1.002
   8.336  0.300  4.38    1.33    1.27   -6.75    1.27    0.00   -5.48 5.005E+02

   11.0000   8.3360   7.3330   0.3000   1.4999  0.50052E+03  0.50047E+03  0.53230E-01  0.47307E+03  0.87453E-02  0.63396E+01  0.46672E+03  0.10000E+01
 e,ep,th,sigb,sigqe=    4.40    1.02   37.88  0.7745E+01  0.4024E-03
   4.400 37.875  1.90    7.31    8.05    9.12    7.47    0.06   16.65  0.928
   1.025  0.300  5.31    8.67    9.13    8.65    8.48    0.07   17.20 7.745E+00

    4.4000   1.0250  37.8750   0.3000   1.9000  0.77453E+01  0.77449E+01  0.40236E-03  0.90774E+01  0.51475E-02  0.65668E+00  0.84155E+01  0.10000E+01
 e,ep,th,sigb,sigqe=    5.50    2.12   23.26  0.2238E+02  0.1117E-02
   5.500 23.261  1.90    2.83    2.62    4.95    2.53    0.02    7.50  0.965
   2.125  0.300  5.31    3.26    2.98    3.86    2.88    0.02    6.75 2.238E+01

    5.5000   2.1250  23.2610   0.3000   1.9000  0.22384E+02  0.22383E+02  0.11167E-02  0.23896E+02  0.39731E-02  0.64376E+00  0.23248E+02  0.10000E+01
 e,ep,th,sigb,sigqe=    6.60    3.22   17.18  0.4443E+02  0.2172E-02
   6.600 17.183  1.90    1.74    1.54    2.70    1.50    0.01    4.21  0.978
   3.225  0.300  5.31    2.00    1.76    1.21    1.72    0.01    2.94 4.444E+01

    6.6000   3.2250  17.1830   0.3000   1.9001  0.44437E+02  0.44435E+02  0.21721E-02  0.45743E+02  0.39836E-02  0.76413E+00  0.44975E+02  0.10000E+01
 e,ep,th,sigb,sigqe=    7.70    4.32   13.72  0.7431E+02  0.3591E-02
   7.700 13.718  1.90    1.29    1.13    1.11    1.11    0.01    2.23  0.983
   4.325  0.300  5.31    1.49    1.31   -0.69    1.28    0.01    0.60 7.431E+01

    7.7000   4.3250  13.7180   0.3000   1.8999  0.74310E+02  0.74306E+02  0.35912E-02  0.74753E+02  0.41360E-02  0.95251E+00  0.73796E+02  0.10000E+01
 e,ep,th,sigb,sigqe=    8.80    5.43   11.45  0.1122E+03  0.5384E-02
   8.800 11.449  1.90    1.06    0.94   -0.14    0.92    0.00    0.78  0.987
   5.425  0.300  5.31    1.22    1.09   -2.19    1.07    0.00   -1.12 1.122E+02

    8.8000   5.4250  11.4490   0.3000   1.8999  0.11218E+03  0.11218E+03  0.53842E-02  0.11093E+03  0.43001E-02  0.12012E+01  0.10972E+03  0.10000E+01
 e,ep,th,sigb,sigqe=   11.00    7.62    8.63  0.2122E+03  0.1011E-01
  11.000  8.632  1.90    0.83    0.75   -2.05    0.74    0.00   -1.31  0.991
   7.625  0.300  5.31    0.97    0.88   -4.52    0.87    0.00   -3.65 2.122E+02

   11.0000   7.6250   8.6320   0.3000   1.9002  0.21223E+03  0.21222E+03  0.10110E-01  0.20449E+03  0.45371E-02  0.18504E+01  0.20264E+03  0.10000E+01
 e,ep,th,sigb,sigqe=    6.60    1.27   34.80  0.3443E+01  0.3537E-04
   6.600 34.796  3.00    6.89    7.18   12.35    6.76    0.05   19.16  0.941
   1.271  0.300  7.88    8.08    8.09   12.18    7.60    0.06   19.84 3.443E+00

    6.6000   1.2710  34.7960   0.3000   2.9999  0.34435E+01  0.34434E+01  0.35368E-04  0.41266E+01  0.19059E-02  0.26173E+00  0.38629E+01  0.10000E+01
 e,ep,th,sigb,sigqe=    7.70    2.37   23.39  0.8100E+01  0.7999E-04
   7.700 23.388  3.00    2.61    2.19    7.52    2.12    0.02    9.66  0.967
   2.371  0.300  7.88    2.97    2.46    6.69    2.38    0.02    9.09 8.100E+00

    7.7000   2.3710  23.3880   0.3000   3.0000  0.80998E+01  0.80997E+01  0.79993E-04  0.88362E+01  0.16078E-02  0.19317E+00  0.86415E+01  0.10000E+01
 e,ep,th,sigb,sigqe=    8.80    3.47   18.03  0.1452E+02  0.1399E-03
   8.800 18.030  3.00    1.48    1.13    5.06    1.10    0.01    6.17  0.973
   3.471  0.300  7.88    1.66    1.27    3.86    1.24    0.01    5.10 1.452E+01

    8.8000   3.4710  18.0300   0.3000   2.9998  0.14516E+02  0.14516E+02  0.13989E-03  0.15257E+02  0.16137E-02  0.17935E+00  0.15076E+02  0.10000E+01
 e,ep,th,sigb,sigqe=   11.00    5.67   12.59  0.3298E+02  0.3095E-03
  11.000 12.590  3.00    0.76    0.55    2.14    0.53    0.01    2.68  0.970
   5.671  0.300  7.88    0.84    0.62    0.44    0.60    0.01    1.05 3.298E+01

   11.0000   5.6710  12.5900   0.3000   2.9999  0.32985E+02  0.32984E+02  0.30948E-03  0.33330E+02  0.17002E-02  0.19878E+00  0.33129E+02  0.10000E+01
 e,ep,th,sigb,sigqe=    4.40    1.74   29.65  0.1314E+02  0.2706E-02
   4.400 29.652  2.00    2.88    2.73    1.52    2.66    0.01    4.18  0.976
   1.736  0.400  3.88    3.33    3.10   -0.47    3.02    0.01    2.56 1.314E+01

    4.4000   1.7360  29.6520   0.4002   2.0006  0.13142E+02  0.13139E+02  0.27058E-02  0.13478E+02  0.10256E-02  0.39722E+00  0.13080E+02  0.10000E+01
 e,ep,th,sigb,sigqe=    5.50    2.84   20.63  0.2964E+02  0.5998E-02
   5.500 20.629  2.00    1.73    1.57   -1.02    1.56    0.00    0.55  0.993
   2.836  0.400  3.88    2.00    1.81   -3.44    1.79    0.00   -1.65 2.964E+01

    5.5000   2.8360  20.6290   0.4001   2.0002  0.29643E+02  0.29637E+02  0.59981E-02  0.29156E+02  0.10138E-02  0.53152E+00  0.28623E+02  0.10000E+01
 e,ep,th,sigb,sigqe=    6.60    3.94   15.95  0.5307E+02  0.1065E-01
   6.600 15.950  2.00    1.32    1.20   -2.74    1.20    0.00   -1.54  0.999
   3.936  0.400  3.88    1.53    1.39   -5.51    1.39    0.00   -4.12 5.308E+01

    6.6000   3.9360  15.9500   0.4001   2.0002  0.53082E+02  0.53072E+02  0.10649E-01  0.50898E+02  0.10622E-02  0.73783E+00  0.50159E+02  0.10000E+01
 e,ep,th,sigb,sigqe=    8.80    6.14   11.04  0.1214E+03  0.2417E-01
   8.800 11.044  2.00    1.00    0.93   -5.16    0.93    0.00   -4.22  1.007
   6.136  0.400  3.88    1.18    1.10   -8.43    1.10    0.00   -7.33 1.214E+02

    8.8000   6.1360  11.0440   0.4001   2.0000  0.12142E+03  0.12139E+03  0.24170E-01  0.11252E+03  0.11449E-02  0.13364E+01  0.11118E+03  0.10000E+01
 e,ep,th,sigb,sigqe=   11.00    8.34    8.47  0.2186E+03  0.4339E-01
  11.000  8.470  2.00    0.87    0.83   -6.87    0.83    0.00   -6.03  1.009
   8.336  0.400  3.88    1.04    0.99  -10.51    0.99    0.00   -9.52 2.186E+02

   11.0000   8.3360   8.4700   0.4001   2.0002  0.21865E+03  0.21860E+03  0.43386E-01  0.19782E+03  0.12345E-02  0.21683E+01  0.19566E+03  0.10000E+01
 e,ep,th,sigb,sigqe=    5.50    1.50   35.06  0.3740E+01  0.1915E-03
   5.500 35.057  3.00    3.45    3.23    4.63    3.11    0.01    7.75  0.962
   1.503  0.400  5.38    3.96    3.63    3.02    3.49    0.01    6.52 3.741E+00

    5.5000   1.5030  35.0570   0.3999   2.9994  0.37406E+01  0.37404E+01  0.19148E-03  0.39843E+01  0.39526E-03  0.13053E+00  0.38534E+01  0.10000E+01
 e,ep,th,sigb,sigqe=    6.60    2.60   24.12  0.8489E+01  0.4225E-03
   6.600 24.119  3.00    1.57    1.29    1.40    1.25    0.00    2.66  0.972
   2.603  0.400  5.38    1.77    1.46   -0.68    1.41    0.00    0.73 8.489E+00

    6.6000   2.6030  24.1190   0.3999   2.9996  0.84893E+01  0.84889E+01  0.42254E-03  0.85515E+01  0.35807E-03  0.11989E+00  0.84312E+01  0.10000E+01
 e,ep,th,sigb,sigqe=    7.70    3.70   18.67  0.1514E+02  0.7469E-03
   7.700 18.667  3.00    1.00    0.80   -0.55    0.77    0.00    0.23  0.973
   3.703  0.400  5.38    1.12    0.90   -2.96    0.88    0.00   -2.08 1.514E+01

    7.7000   3.7030  18.6670   0.4000   2.9999  0.15142E+02  0.15141E+02  0.74695E-03  0.14827E+02  0.36064E-03  0.13262E+00  0.14694E+02  0.10000E+01
 e,ep,th,sigb,sigqe=    8.80    4.80   15.31  0.2378E+02  0.1162E-02
   8.800 15.310  3.00    0.74    0.59   -1.98    0.58    0.00   -1.40  0.972
   4.803  0.400  5.38    0.84    0.68   -4.65    0.66    0.00   -3.99 2.378E+01

    8.8000   4.8030  15.3100   0.4000   3.0000  0.23784E+02  0.23783E+02  0.11620E-02  0.22835E+02  0.37083E-03  0.15631E+00  0.22678E+02  0.10000E+01
 e,ep,th,sigb,sigqe=   11.00    7.00   11.32  0.4721E+02  0.2283E-02
  11.000 11.325  3.00    0.52    0.43   -4.07    0.41    0.00   -3.65  0.971
   7.003  0.400  5.38    0.59    0.49   -7.14    0.48    0.00   -6.66 4.721E+01

   11.0000   7.0030  11.3250   0.3999   2.9998  0.47212E+02  0.47210E+02  0.22828E-02  0.44067E+02  0.39006E-03  0.22514E+00  0.43841E+02  0.10000E+01
 e,ep,th,sigb,sigqe=    6.60    1.27   40.40  0.1451E+01  0.2665E-04
   6.600 40.395  4.00    5.08    4.95    8.12    4.72    0.02   12.85  0.954
   1.271  0.400  6.88    5.86    5.53    6.89    5.27    0.02   12.18 1.451E+00

    6.6000   1.2710  40.3950   0.4000   3.9998  0.14511E+01  0.14511E+01  0.26654E-04  0.16278E+01  0.24140E-03  0.76539E-01  0.15510E+01  0.10000E+01
 e,ep,th,sigb,sigqe=    7.70    2.37   27.07  0.3404E+01  0.6047E-04
   7.700 27.070  4.00    1.82    1.39    3.60    1.33    0.01    4.94  0.962
   2.371  0.400  6.88    2.03    1.55    1.78    1.49    0.01    3.28 3.404E+00

    7.7000   2.3710  27.0700   0.4000   4.0000  0.34039E+01  0.34038E+01  0.60474E-04  0.35154E+01  0.19450E-03  0.50812E-01  0.34644E+01  0.10000E+01
 e,ep,th,sigb,sigqe=    8.80    3.47   20.85  0.6089E+01  0.1060E-03
   8.800 20.849  4.00    1.01    0.70    1.28    0.67    0.00    1.96  0.959
   3.471  0.400  6.88    1.12    0.79   -0.88    0.75    0.00   -0.12 6.089E+00

    8.8000   3.4710  20.8490   0.4000   4.0000  0.60890E+01  0.60889E+01  0.10595E-03  0.60816E+01  0.19288E-03  0.45810E-01  0.60356E+01  0.10000E+01
 e,ep,th,sigb,sigqe=   11.00    5.67   14.55  0.1381E+02  0.2350E-03
  11.000 14.548  4.00    0.51    0.34   -1.52    0.32    0.00   -1.20  0.950
   5.671  0.400  6.88    0.56    0.39   -4.15    0.37    0.00   -3.78 1.381E+01

   11.0000   5.6710  14.5480   0.4000   4.0002  0.13812E+02  0.13812E+02  0.23495E-03  0.13290E+02  0.20377E-03  0.50653E-01  0.13239E+02  0.10000E+01
 e,ep,th,sigb,sigqe=    4.40    0.99   50.76  0.1393E+01  0.2407E-03
   4.400 50.765  3.20    5.25    5.46    3.19    5.22    0.01    8.42  0.956
   0.989  0.500  4.08    6.10    6.12    0.96    5.84    0.01    6.82 1.393E+00

    4.4000   0.9890  50.7650   0.4997   3.1984  0.13930E+01  0.13927E+01  0.24065E-03  0.14879E+01  0.13316E-03  0.81368E-01  0.14064E+01  0.10000E+01
 e,ep,th,sigb,sigqe=    5.50    2.09   30.60  0.4059E+01  0.6837E-03
   5.500 30.596  3.20    1.81    1.57   -1.11    1.53    0.00    0.43  0.974
   2.089  0.500  4.08    2.05    1.77   -3.89    1.72    0.00   -2.16 4.060E+00

    5.5000   2.0890  30.5960   0.4998   3.1992  0.40595E+01  0.40588E+01  0.68374E-03  0.39717E+01  0.88659E-04  0.70008E-01  0.39016E+01  0.10000E+01
 e,ep,th,sigb,sigqe=    6.60    3.19   22.48  0.8069E+01  0.1337E-02
   6.600 22.483  3.20    1.10    0.93   -3.37    0.90    0.00   -2.46  0.977
   3.189  0.500  4.08    1.24    1.06   -6.50    1.03    0.00   -5.48 8.071E+00

    6.6000   3.1890  22.4830   0.4998   3.1995  0.80707E+01  0.80694E+01  0.13372E-02  0.76288E+01  0.84798E-04  0.82905E-01  0.75458E+01  0.10000E+01
 e,ep,th,sigb,sigqe=    7.70    4.29   17.91  0.1350E+02  0.2217E-02
   7.700 17.907  3.20    0.82    0.70   -4.95    0.68    0.00   -4.26  0.981
   4.289  0.500  4.08    0.93    0.80   -8.36    0.78    0.00   -7.58 1.350E+01

    7.7000   4.2890  17.9070   0.4999   3.1997  0.13502E+02  0.13500E+02  0.22167E-02  0.12479E+02  0.85304E-04  0.10570E+00  0.12373E+02  0.10000E+01
 e,ep,th,sigb,sigqe=    8.80    5.39   14.93  0.2039E+02  0.3330E-02
   8.800 14.925  3.20    0.68    0.59   -6.18    0.58    0.00   -5.61  0.983
   5.389  0.500  4.08    0.78    0.68   -9.83    0.66    0.00   -9.16 2.039E+01

    8.8000   5.3890  14.9250   0.4999   3.1998  0.20394E+02  0.20391E+02  0.33295E-02  0.18525E+02  0.87148E-04  0.13548E+00  0.18390E+02  0.10000E+01
 e,ep,th,sigb,sigqe=   11.00    7.59   11.23  0.3864E+02  0.6271E-02
  11.000 11.235  3.20    0.54    0.48   -8.06    0.48    0.00   -7.59  0.985
   7.589  0.500  4.08    0.63    0.57  -12.08    0.55    0.00  -11.52 3.865E+01

   11.0000   7.5890  11.2350   0.4999   3.1995  0.38649E+02  0.38642E+02  0.62708E-02  0.34195E+02  0.90991E-04  0.21431E+00  0.33981E+02  0.10000E+01
 e,ep,th,sigb,sigqe=    8.80    4.54   18.21  0.7716E+01  0.5725E-03
   8.800 18.212  4.00    0.62    0.47   -4.40    0.45    0.00   -3.95  0.951
   4.537  0.500  4.88    0.69    0.54   -7.73    0.51    0.00   -7.23 7.717E+00

    8.8000   4.5370  18.2120   0.5000   4.0000  0.77170E+01  0.77165E+01  0.57249E-03  0.71593E+01  0.47259E-04  0.39113E-01  0.71201E+01  0.10000E+01
 e,ep,th,sigb,sigqe=   11.00    6.74   13.34  0.1565E+02  0.1148E-02
  11.000 13.342  4.00    0.41    0.33   -6.56    0.32    0.00   -6.24  0.955
   6.737  0.500  4.88    0.47    0.38  -10.28    0.36    0.00   -9.92 1.565E+01

   11.0000   6.7370  13.3420   0.5001   4.0003  0.15647E+02  0.15646E+02  0.11479E-02  0.14095E+02  0.49850E-04  0.56606E-01  0.14038E+02  0.10000E+01
 e,ep,th,sigb,sigqe=    5.50    1.24   45.09  0.1058E+01  0.8314E-04
   5.500 45.090  4.00    3.87    3.70    3.08    3.55    0.01    6.63  0.960
   1.237  0.500  4.88    4.43    4.13    0.79    3.96    0.01    4.76 1.058E+00

    5.5000   1.2370  45.0900   0.5001   4.0005  0.10582E+01  0.10582E+01  0.83135E-04  0.11086E+01  0.64090E-04  0.41932E-01  0.10666E+01  0.10000E+01
 e,ep,th,sigb,sigqe=    6.60    2.34   29.50  0.2611E+01  0.1991E-03
   6.600 29.504  4.00    1.44    1.15   -0.78    1.10    0.00    0.33  0.960
   2.337  0.500  4.88    1.62    1.29   -3.55    1.24    0.00   -2.31 2.612E+00

    6.6000   2.3370  29.5040   0.5001   4.0004  0.26115E+01  0.26113E+01  0.19913E-03  0.25513E+01  0.47688E-04  0.32287E-01  0.25189E+01  0.10000E+01
 e,ep,th,sigb,sigqe=    7.70    3.44   22.42  0.4819E+01  0.3613E-03
   7.700 22.418  4.00    0.86    0.65   -2.90    0.63    0.00   -2.27  0.957
   3.437  0.500  4.88    0.96    0.74   -5.98    0.70    0.00   -5.28 4.820E+00

    7.7000   3.4370  22.4180   0.5000   4.0001  0.48195E+01  0.48192E+01  0.36127E-03  0.45652E+01  0.46234E-04  0.33953E-01  0.45312E+01  0.10000E+01
 e,ep,th,sigb,sigqe=    8.80    4.54   18.21  0.7716E+01  0.5725E-03
   8.800 18.212  4.00    0.62    0.47   -4.40    0.45    0.00   -3.95  0.951
   4.537  0.500  4.88    0.69    0.54   -7.73    0.51    0.00   -7.23 7.717E+00

    8.8000   4.5370  18.2120   0.5000   4.0000  0.77170E+01  0.77165E+01  0.57249E-03  0.71593E+01  0.47259E-04  0.39113E-01  0.71201E+01  0.10000E+01
 e,ep,th,sigb,sigqe=   11.00    6.74   13.34  0.1565E+02  0.1148E-02
  11.000 13.342  4.00    0.41    0.33   -6.56    0.32    0.00   -6.24  0.955
   6.737  0.500  4.88    0.47    0.38  -10.28    0.36    0.00   -9.92 1.565E+01

   11.0000   6.7370  13.3420   0.5001   4.0003  0.15647E+02  0.15646E+02  0.11479E-02  0.14095E+02  0.49850E-04  0.56606E-01  0.14038E+02  0.10000E+01
 e,ep,th,sigb,sigqe=    6.60    1.27   45.41  0.6176E+00  0.2159E-04
   6.600 45.413  5.00    4.01    3.71    4.48    3.55    0.01    8.04  0.957
   1.271  0.500  5.88    4.57    4.13    2.33    3.95    0.01    6.29 6.176E-01

    6.6000   1.2710  45.4130   0.5000   4.9997  0.61757E+00  0.61755E+00  0.21588E-04  0.65641E+00  0.39014E-04  0.24384E-01  0.63198E+00  0.10000E+01
 e,ep,th,sigb,sigqe=    7.70    2.37   30.34  0.1445E+01  0.4902E-04
   7.700 30.337  5.00    1.40    1.01    0.28    0.95    0.00    1.23  0.947
   2.371  0.500  5.88    1.54    1.12   -2.37    1.06    0.00   -1.31 1.445E+00

    7.7000   2.3710  30.3370   0.5000   4.9998  0.14451E+01  0.14451E+01  0.49024E-04  0.14262E+01  0.28122E-04  0.15341E-01  0.14108E+01  0.10000E+01
 e,ep,th,sigb,sigqe=    8.80    3.47   23.34  0.2581E+01  0.8594E-04
   8.800 23.342  5.00    0.78    0.52   -1.92    0.49    0.00   -1.44  0.941
   3.471  0.500  5.88    0.86    0.58   -4.88    0.54    0.00   -4.33 2.581E+00

    8.8000   3.4710  23.3420   0.5000   4.9998  0.25811E+01  0.25810E+01  0.85937E-04  0.24693E+01  0.27457E-04  0.14007E-01  0.24552E+01  0.10000E+01
 e,ep,th,sigb,sigqe=   11.00    5.67   16.28  0.5844E+01  0.1906E-03
  11.000 16.276  5.00    0.40    0.26   -4.63    0.24    0.00   -4.39  0.928
   5.671  0.500  5.88    0.44    0.30   -8.02    0.27    0.00   -7.74 5.844E+00

   11.0000   5.6710  16.2760   0.5000   5.0001  0.58441E+01  0.58439E+01  0.19064E-03  0.53916E+01  0.29122E-04  0.16044E-01  0.53755E+01  0.10000E+01
 e,ep,th,sigb,sigqe=    5.50    1.06   55.19  0.3206E+00  0.5037E-04
   5.500 55.189  5.00    4.49    4.45    1.46    4.27    0.00    5.73  0.959
   1.059  0.600  4.22    5.13    4.94   -1.50    4.73    0.00    3.24 3.207E-01

    5.5000   1.0590  55.1890   0.5998   4.9989  0.32068E+00  0.32063E+00  0.50371E-04  0.33107E+00  0.14525E-04  0.15177E-01  0.31588E+00  0.10000E+01
 e,ep,th,sigb,sigqe=    6.60    2.16   34.46  0.8492E+00  0.1294E-03
   6.600 34.455  5.00    1.43    1.14   -2.90    1.08    0.00   -1.82  0.948
   2.159  0.600  4.21    1.59    1.28   -6.31    1.21    0.00   -5.10 8.494E-01

    6.6000   2.1590  34.4550   0.5999   4.9995  0.84937E+00  0.84925E+00  0.12935E-03  0.80610E+00  0.78012E-05  0.10273E-01  0.79582E+00  0.10000E+01
 e,ep,th,sigb,sigqe=    7.70    3.26   25.79  0.1606E+01  0.2403E-03
   7.700 25.792  5.00    0.82    0.63   -5.13    0.60    0.00   -4.53  0.949
   3.259  0.600  4.21    0.92    0.71   -8.83    0.67    0.00   -8.16 1.606E+00

    7.7000   3.2590  25.7920   0.5999   4.9998  0.16063E+01  0.16061E+01  0.24029E-03  0.14752E+01  0.73100E-05  0.10812E-01  0.14644E+01  0.10000E+01
 e,ep,th,sigb,sigqe=    8.80    4.36   20.80  0.2607E+01  0.3857E-03
   8.800 20.799  5.00    0.59    0.46   -6.68    0.43    0.00   -6.24  0.953
   4.359  0.600  4.21    0.66    0.52  -10.62    0.49    0.00  -10.13 2.607E+00

    8.8000   4.3590  20.7990   0.5999   4.9996  0.26073E+01  0.26069E+01  0.38572E-03  0.23432E+01  0.74605E-05  0.12796E-01  0.23304E+01  0.10000E+01
 e,ep,th,sigb,sigqe=   11.00    6.56   15.13  0.5365E+01  0.7844E-03
  11.000 15.127  5.00    0.40    0.32   -8.87    0.31    0.00   -8.56  0.960
   6.559  0.600  4.21    0.45    0.37  -13.18    0.36    0.00  -12.82 5.365E+00

   11.0000   6.5590  15.1270   0.6000   5.0000  0.53654E+01  0.53646E+01  0.78440E-03  0.46774E+01  0.79276E-05  0.19152E-01  0.46582E+01  0.10000E+01
 e,ep,th,sigb,sigqe=    4.40    0.69   64.60  0.7278E+00  0.9445E-04
   4.400 64.600  3.47    9.66   11.42    6.31   10.73    0.02   17.06  0.939
   0.690  0.498  4.37   11.43   12.77    4.37   11.99    0.02   16.39 7.278E-01

    4.4000   0.6900  64.6000   0.4981   3.4675  0.72785E+00  0.72775E+00  0.94446E-04  0.84713E+00  0.16804E-03  0.87286E-01  0.75968E+00  0.10000E+01
 e,ep,th,sigb,sigqe=   11.00    1.38   45.50  0.1563E+00  0.5635E-06
  11.000 45.500  9.08    4.74    3.87    8.45    3.68    0.01   12.14  0.950
   1.380  0.503  9.85    5.31    4.27    6.64    4.06    0.01   10.71 1.563E-01

   11.0000   1.3800  45.5000   0.5030   9.0804  0.15633E+00  0.15633E+00  0.56349E-06  0.17307E+00  0.11470E-04  0.63413E-02  0.16672E+00  0.10000E+01
 e,ep,th,sigb,sigqe=    4.40    2.11   27.90  0.1307E+02  0.7987E-02
   4.400 27.900  2.16    2.16    2.03   -3.43    2.05    0.00   -1.38  1.008
   2.110  0.502  3.02    2.51    2.34   -6.49    2.35    0.00   -4.14 1.307E+01

    4.4000   2.1100  27.9000   0.5022   2.1582  0.13074E+02  0.13066E+02  0.79868E-02  0.12533E+02  0.29987E-03  0.30730E+00  0.12226E+02  0.10000E+01
 e,ep,th,sigb,sigqe=   11.00    4.83   19.00  0.2900E+01  0.5492E-04
  11.000 19.000  5.79    0.47    0.26   -3.14    0.24    0.00   -2.90  0.923
   4.830  0.500  6.67    0.51    0.29   -6.30    0.27    0.00   -6.03 2.900E+00

   11.0000   4.8300  19.0000   0.5000   5.7892  0.28997E+01  0.28996E+01  0.54916E-04  0.27249E+01  0.20836E-04  0.78793E-02  0.27170E+01  0.10000E+01
