                                           ************ internal ***************  +++++++ internal  + external ++++++++
    E        Ep      Th       s_born       s_rad        s_elas       s_dis        s_rad        s_elas       s_dis
    6.6000   1.2170  19.8820  0.36888E+02  0.54547E+02  0.70683E+00  0.45652E+02  0.57025E+02  0.77342E+00  0.46832E+02
    7.7000   2.3710  13.4400  0.85561E+02  0.10963E+03  0.45199E+00  0.10178E+03  0.11281E+03  0.46764E+00  0.10385E+03
    8.8000   3.4710  10.3810  0.15381E+03  0.18782E+03  0.43508E+00  0.17925E+03  0.19221E+03  0.44264E+00  0.18241E+03
   11.0000   5.6710   7.2590  0.35074E+03  0.40948E+03  0.44699E+00  0.39830E+03  0.41658E+03  0.44927E+00  0.40370E+03
    5.5000   1.2370  22.1040  0.37734E+02  0.50562E+02  0.31204E+00  0.44687E+02  0.52218E+02  0.33825E+00  0.45490E+02
    6.6000   2.3370  14.6290  0.94303E+02  0.11461E+03  0.25210E+00  0.10832E+03  0.11701E+03  0.26000E+00  0.10982E+03
    7.7000   3.4370  11.1550  0.17524E+03  0.20484E+03  0.24731E+00  0.19751E+03  0.20810E+03  0.25128E+00  0.19968E+03
    8.8000   4.5370   9.0770  0.28176E+03  0.32201E+03  0.25174E+00  0.31321E+03  0.32605E+03  0.25397E+00  0.31588E+03
   11.0000   6.7370   6.6600  0.57383E+03  0.63781E+03  0.26503E+00  0.62502E+03  0.64271E+03  0.26552E+00  0.62773E+03
    4.4000   0.8470  30.0150  0.24360E+02  0.33147E+02  0.23118E+00  0.28459E+02  0.34273E+02  0.25958E+00  0.28876E+02
    6.6000   3.0470  12.8020  0.16182E+03  0.18470E+03  0.15139E+00  0.17848E+03  0.18673E+03  0.15436E+00  0.17956E+03
    8.8000   5.2470   8.4390  0.42145E+03  0.46248E+03  0.15944E+00  0.45257E+03  0.46446E+03  0.16055E+00  0.45286E+03
   11.0000   7.4470   6.3340  0.80903E+03  0.86811E+03  0.16962E+00  0.85288E+03  0.86783E+03  0.17019E+00  0.84975E+03
    4.4000   1.3550  23.6330  0.48986E+02  0.58715E+02  0.11039E+00  0.54687E+02  0.59684E+02  0.11783E+00  0.55060E+02
    5.5000   2.4550  15.6410  0.12421E+03  0.14016E+03  0.98069E-01  0.13511E+03  0.14128E+03  0.10087E+00  0.13545E+03
    6.6000   3.5550  11.8500  0.23465E+03  0.25758E+03  0.99502E-01  0.25087E+03  0.25844E+03  0.10115E+00  0.25064E+03
    8.8000   5.7550   8.0580  0.56584E+03  0.60190E+03  0.10731E+00  0.59040E+03  0.60018E+03  0.10830E+00  0.58656E+03
   11.0000   7.9550   6.1280  0.10471E+04  0.10917E+04  0.11594E+00  0.10735E+04  0.10836E+04  0.11711E+00  0.10618E+04
    5.5000   0.9320  31.3790  0.11608E+02  0.15866E+02  0.67598E-01  0.13795E+02  0.16348E+02  0.73932E-01  0.13987E+02
    6.6000   2.0320  19.2510  0.33353E+02  0.39693E+02  0.47198E-01  0.37828E+02  0.40232E+02  0.48286E-01  0.38113E+02
    7.7000   3.1320  14.3260  0.65012E+02  0.73960E+02  0.46116E-01  0.71983E+02  0.74513E+02  0.46519E-01  0.72263E+02
    8.8000   4.2320  11.5180  0.10722E+03  0.11904E+03  0.47250E-01  0.11681E+03  0.11949E+03  0.47401E-01  0.11694E+03
   11.0000   6.4320   8.3500  0.22461E+03  0.24219E+03  0.50067E-01  0.23918E+03  0.24186E+03  0.49897E-01  0.23838E+03
    5.5000   2.8360  14.5480  0.17185E+03  0.18715E+03  0.66840E-01  0.18177E+03  0.18731E+03  0.68547E-01  0.18105E+03
    6.6000   3.9360  11.2600  0.30872E+03  0.32890E+03  0.69469E-01  0.32141E+03  0.32781E+03  0.70721E-01  0.31900E+03
    7.7000   5.0360   9.2110  0.48726E+03  0.51111E+03  0.72863E-01  0.50093E+03  0.50775E+03  0.73988E-01  0.49565E+03
    8.8000   6.1360   7.8040  0.70767E+03  0.73335E+03  0.76577E-01  0.71989E+03  0.72648E+03  0.77827E-01  0.71038E+03
   11.0000   8.3360   5.9860  0.12769E+04  0.12987E+04  0.84342E-01  0.12770E+04  0.12807E+04  0.86180E-01  0.12544E+04
    5.5000   0.9700  32.7820  0.93813E+01  0.12388E+02  0.32899E-01  0.10998E+02  0.12692E+02  0.35603E-01  0.11112E+02
    6.6000   2.0700  20.3150  0.26372E+02  0.30716E+02  0.23885E-01  0.29501E+02  0.30994E+02  0.24336E-01  0.29617E+02
    7.7000   3.1700  15.1640  0.51026E+02  0.56997E+02  0.23657E-01  0.55728E+02  0.57180E+02  0.23829E-01  0.55737E+02
    8.8000   4.2700  12.2090  0.83856E+02  0.91528E+02  0.24325E-01  0.90107E+02  0.91485E+02  0.24368E-01  0.89865E+02
   11.0000   6.4700   8.8640  0.17492E+03  0.18562E+03  0.25785E-01  0.18372E+03  0.18458E+03  0.25660E-01  0.18239E+03
    4.4000   1.3680  26.6570  0.29800E+02  0.34467E+02  0.29322E-01  0.32594E+02  0.34747E+02  0.30914E-01  0.32609E+02
    5.5000   2.4680  17.6630  0.75033E+02  0.82095E+02  0.26711E-01  0.79821E+02  0.82085E+02  0.27269E-01  0.79476E+02
    6.6000   3.5680  13.3880  0.14134E+03  0.15062E+03  0.27573E-01  0.14766E+03  0.14991E+03  0.27907E-01  0.14648E+03
    8.8000   5.7680   9.1080  0.33988E+03  0.35125E+03  0.29974E-01  0.34625E+03  0.34737E+03  0.30143E-01  0.34149E+03
   11.0000   7.9680   6.9280  0.62814E+03  0.63636E+03  0.32126E-01  0.62850E+03  0.62638E+03  0.32259E-01  0.61700E+03
    5.5000   1.0000  34.1800  0.76189E+01  0.97717E+01  0.16729E-01  0.88171E+01  0.99620E+01  0.17926E-01  0.88801E+01
    6.6000   2.1000  21.3370  0.21066E+02  0.24079E+02  0.12607E-01  0.23267E+02  0.24200E+02  0.12818E-01  0.23280E+02
    7.7000   3.2000  15.9620  0.40540E+02  0.44558E+02  0.12608E-01  0.43720E+02  0.44528E+02  0.12687E-01  0.43577E+02
    8.8000   4.3000  12.8660  0.66417E+02  0.71412E+02  0.12962E-01  0.70479E+02  0.71105E+02  0.12968E-01  0.70044E+02
   11.0000   6.5000   9.3500  0.13818E+03  0.14455E+03  0.13822E-01  0.14331E+03  0.14319E+03  0.13746E-01  0.14177E+03
    4.4000   1.2030  30.8780  0.17137E+02  0.19955E+02  0.15092E-01  0.18774E+02  0.20102E+02  0.15998E-01  0.18757E+02
    5.5000   2.3030  19.8170  0.45842E+02  0.49952E+02  0.13138E-01  0.48633E+02  0.49841E+02  0.13401E-01  0.48333E+02
    6.6000   3.4030  14.8490  0.88495E+02  0.93702E+02  0.13548E-01  0.92057E+02  0.93032E+02  0.13692E-01  0.91139E+02
    8.8000   5.6030  10.0070  0.21769E+03  0.22323E+03  0.14621E-01  0.22055E+03  0.22018E+03  0.14647E-01  0.21705E+03
   11.0000   7.8030   7.5800  0.40699E+03  0.40891E+03  0.15658E-01  0.40477E+03  0.40141E+03  0.15645E-01  0.39651E+03
    5.5000   0.9170  38.1050  0.51308E+01  0.66047E+01  0.93541E-02  0.59282E+01  0.67271E+01  0.10096E-01  0.59604E+01
    6.6000   2.0170  23.1830  0.14834E+02  0.16803E+02  0.66636E-02  0.16270E+02  0.16841E+02  0.67793E-02  0.16239E+02
    7.7000   3.1170  17.2130  0.28945E+02  0.31485E+02  0.66216E-02  0.30956E+02  0.31371E+02  0.66584E-02  0.30772E+02
    8.8000   4.2170  13.8240  0.47771E+02  0.50813E+02  0.68246E-02  0.50236E+02  0.50442E+02  0.68240E-02  0.49788E+02
   11.0000   6.4170  10.0120  0.10012E+03  0.10361E+03  0.72782E-02  0.10286E+03  0.10231E+03  0.72326E-02  0.10145E+03
    4.4000   1.4930  27.6430  0.23724E+02  0.26360E+02  0.96589E-02  0.25291E+02  0.26350E+02  0.10078E-01  0.25133E+02
    5.5000   2.5930  18.6630  0.57314E+02  0.60801E+02  0.93314E-02  0.59480E+02  0.60331E+02  0.95173E-02  0.58816E+02
    6.6000   3.6930  14.2500  0.10601E+03  0.10980E+03  0.97094E-02  0.10806E+03  0.10846E+03  0.98206E-02  0.10644E+03
    8.8000   5.8930   9.7560  0.25048E+03  0.25194E+03  0.10568E-01  0.24897E+03  0.24727E+03  0.10618E-01  0.24378E+03
   11.0000   8.0930   7.4420  0.45892E+03  0.45269E+03  0.11430E-01  0.44800E+03  0.44219E+03  0.11487E-01  0.43660E+03
    5.5000   1.0430  36.9140  0.50972E+01  0.62469E+01  0.49229E-02  0.57616E+01  0.63171E+01  0.52272E-02  0.57684E+01
    6.6000   2.1430  23.2640  0.13769E+02  0.15253E+02  0.38894E-02  0.14862E+02  0.15222E+02  0.39506E-02  0.14781E+02
    7.7000   3.2430  17.4560  0.26280E+02  0.28101E+02  0.39009E-02  0.27706E+02  0.27893E+02  0.39176E-02  0.27446E+02
    8.8000   4.3430  14.0910  0.42868E+02  0.44906E+02  0.40398E-02  0.44471E+02  0.44415E+02  0.40380E-02  0.43921E+02
   11.0000   6.5430  10.2560  0.88745E+02  0.90555E+02  0.42988E-02  0.89982E+02  0.89099E+02  0.42664E-02  0.88442E+02
    4.4000   1.7360  25.6060  0.29876E+02  0.32224E+02  0.66934E-02  0.31201E+02  0.32036E+02  0.69442E-02  0.30868E+02
    5.5000   2.8360  17.8410  0.67593E+02  0.70280E+02  0.68043E-02  0.68913E+02  0.69426E+02  0.69490E-02  0.67850E+02
    6.6000   3.9360  13.8020  0.12122E+03  0.12338E+03  0.71240E-02  0.12151E+03  0.12136E+03  0.72215E-02  0.11918E+03
    8.8000   6.1360   9.5610  0.27761E+03  0.27488E+03  0.78581E-02  0.27157E+03  0.26866E+03  0.79377E-02  0.26474E+03
   11.0000   8.3360   7.3330  0.50052E+03  0.48634E+03  0.86271E-02  0.48104E+03  0.47307E+03  0.87453E-02  0.46672E+03
    4.4000   1.0250  37.8750  0.77453E+01  0.90351E+01  0.48060E-02  0.84515E+01  0.90774E+01  0.51475E-02  0.84155E+01
    5.5000   2.1250  23.2610  0.22384E+02  0.24063E+02  0.38872E-02  0.23492E+02  0.23896E+02  0.39731E-02  0.23248E+02
    6.6000   3.2250  17.1830  0.44437E+02  0.46307E+02  0.39489E-02  0.45635E+02  0.45743E+02  0.39836E-02  0.44975E+02
    7.7000   4.3250  13.7180  0.74310E+02  0.75966E+02  0.41221E-02  0.75134E+02  0.74753E+02  0.41360E-02  0.73796E+02
    8.8000   5.4250  11.4490  0.11218E+03  0.11306E+03  0.42984E-02  0.11202E+03  0.11093E+03  0.43001E-02  0.10972E+03
   11.0000   7.6250   8.6320  0.21223E+03  0.20945E+03  0.45592E-02  0.20787E+03  0.20449E+03  0.45371E-02  0.20264E+03
    6.6000   1.2710  34.7960  0.34435E+01  0.41032E+01  0.18351E-02  0.38687E+01  0.41266E+01  0.19059E-02  0.38629E+01
    7.7000   2.3710  23.3880  0.80998E+01  0.88822E+01  0.15926E-02  0.87088E+01  0.88362E+01  0.16078E-02  0.86415E+01
    8.8000   3.4710  18.0300  0.14516E+02  0.15412E+02  0.16108E-02  0.15251E+02  0.15257E+02  0.16137E-02  0.15076E+02
   11.0000   5.6710  12.5900  0.32985E+02  0.33869E+02  0.17112E-02  0.33692E+02  0.33330E+02  0.17002E-02  0.33129E+02
    4.4000   1.7360  29.6520  0.13142E+02  0.13691E+02  0.98187E-03  0.13341E+02  0.13478E+02  0.10256E-02  0.13080E+02
    5.5000   2.8360  20.6290  0.29643E+02  0.29806E+02  0.98957E-03  0.29342E+02  0.29156E+02  0.10138E-02  0.28623E+02
    6.6000   3.9360  15.9500  0.53082E+02  0.52262E+02  0.10439E-02  0.51626E+02  0.50898E+02  0.10622E-02  0.50159E+02
    8.8000   6.1360  11.0440  0.12142E+03  0.11629E+03  0.11340E-02  0.11516E+03  0.11252E+03  0.11449E-02  0.11118E+03
   11.0000   8.3360   8.4700  0.21865E+03  0.20545E+03  0.12226E-02  0.20363E+03  0.19782E+03  0.12345E-02  0.19566E+03
    5.5000   1.5030  35.0570  0.37406E+01  0.40304E+01  0.38036E-03  0.39138E+01  0.39843E+01  0.39526E-03  0.38534E+01
    6.6000   2.6030  24.1190  0.84893E+01  0.87149E+01  0.35367E-03  0.86081E+01  0.85515E+01  0.35807E-03  0.84312E+01
    7.7000   3.7030  18.6670  0.15142E+02  0.15176E+02  0.36019E-03  0.15059E+02  0.14827E+02  0.36064E-03  0.14694E+02
    8.8000   4.8030  15.3100  0.23784E+02  0.23450E+02  0.37257E-03  0.23312E+02  0.22835E+02  0.37083E-03  0.22678E+02
   11.0000   7.0030  11.3250  0.47212E+02  0.45487E+02  0.39490E-03  0.45292E+02  0.44067E+02  0.39006E-03  0.43841E+02
    6.6000   1.2710  40.3950  0.14511E+01  0.16376E+01  0.23057E-03  0.15689E+01  0.16278E+01  0.24140E-03  0.15510E+01
    7.7000   2.3710  27.0700  0.34039E+01  0.35719E+01  0.19262E-03  0.35263E+01  0.35154E+01  0.19450E-03  0.34644E+01
    8.8000   3.4710  20.8490  0.60890E+01  0.62082E+01  0.19303E-03  0.61671E+01  0.60816E+01  0.19288E-03  0.60356E+01
   11.0000   5.6710  14.5480  0.13812E+02  0.13647E+02  0.20574E-03  0.13602E+02  0.13290E+02  0.20377E-03  0.13239E+02
    4.4000   0.9890  50.7650  0.13930E+01  0.15103E+01  0.12105E-03  0.14375E+01  0.14879E+01  0.13316E-03  0.14064E+01
    5.5000   2.0890  30.5960  0.40595E+01  0.40768E+01  0.85980E-04  0.40146E+01  0.39717E+01  0.88659E-04  0.39016E+01
    6.6000   3.1890  22.4830  0.80707E+01  0.78722E+01  0.83965E-04  0.77991E+01  0.76288E+01  0.84798E-04  0.75458E+01
    7.7000   4.2890  17.9070  0.13502E+02  0.12926E+02  0.85291E-04  0.12834E+02  0.12479E+02  0.85304E-04  0.12373E+02
    8.8000   5.3890  14.9250  0.20394E+02  0.19251E+02  0.87772E-04  0.19133E+02  0.18525E+02  0.87148E-04  0.18390E+02
   11.0000   7.5890  11.2350  0.38649E+02  0.35716E+02  0.92288E-04  0.35532E+02  0.34195E+02  0.90991E-04  0.33981E+02
    8.8000   4.5370  18.2120  0.77170E+01  0.74122E+01  0.47652E-04  0.73776E+01  0.71593E+01  0.47259E-04  0.71201E+01
   11.0000   6.7370  13.3420  0.15647E+02  0.14670E+02  0.50646E-04  0.14621E+02  0.14095E+02  0.49850E-04  0.14038E+02
    5.5000   1.2370  45.0900  0.10582E+01  0.11284E+01  0.59961E-04  0.10908E+01  0.11086E+01  0.64090E-04  0.10666E+01
    6.6000   2.3370  29.5040  0.26115E+01  0.26201E+01  0.46945E-04  0.25912E+01  0.25513E+01  0.47688E-04  0.25189E+01
    7.7000   3.4370  22.4180  0.48195E+01  0.47101E+01  0.46297E-04  0.46799E+01  0.45652E+01  0.46234E-04  0.45312E+01
    8.8000   4.5370  18.2120  0.77170E+01  0.74122E+01  0.47652E-04  0.73776E+01  0.71593E+01  0.47259E-04  0.71201E+01
   11.0000   6.7370  13.3420  0.15647E+02  0.14670E+02  0.50646E-04  0.14621E+02  0.14095E+02  0.49850E-04  0.14038E+02
    6.6000   1.2710  45.4130  0.61757E+00  0.66722E+00  0.36695E-04  0.64524E+00  0.65641E+00  0.39014E-04  0.63198E+00
    7.7000   2.3710  30.3370  0.14451E+01  0.14629E+01  0.27886E-04  0.14491E+01  0.14262E+01  0.28122E-04  0.14108E+01
    8.8000   3.4710  23.3420  0.25811E+01  0.25440E+01  0.27580E-04  0.25315E+01  0.24693E+01  0.27457E-04  0.24552E+01
   11.0000   5.6710  16.2760  0.58441E+01  0.55878E+01  0.29486E-04  0.55735E+01  0.53916E+01  0.29122E-04  0.53755E+01
    5.5000   1.0590  55.1890  0.32068E+00  0.33906E+00  0.13119E-04  0.32535E+00  0.33107E+00  0.14525E-04  0.31588E+00
    6.6000   2.1590  34.4550  0.84937E+00  0.83396E+00  0.76837E-05  0.82474E+00  0.80610E+00  0.78012E-05  0.79582E+00
    7.7000   3.2590  25.7920  0.16063E+01  0.15335E+01  0.73446E-05  0.15239E+01  0.14752E+01  0.73100E-05  0.14644E+01
    8.8000   4.3590  20.7990  0.26073E+01  0.24445E+01  0.75479E-05  0.24332E+01  0.23432E+01  0.74605E-05  0.23304E+01
   11.0000   6.5590  15.1270  0.53654E+01  0.49060E+01  0.80754E-05  0.48893E+01  0.46774E+01  0.79276E-05  0.46582E+01
    4.4000   0.6900  64.6000  0.72785E+00  0.85198E+00  0.14688E-03  0.77375E+00  0.84713E+00  0.16804E-03  0.75968E+00
   11.0000   1.3800  45.5000  0.15633E+00  0.17531E+00  0.11047E-04  0.16955E+00  0.17307E+00  0.11470E-04  0.16672E+00
    4.4000   2.1100  27.9000  0.13074E+02  0.12894E+02  0.28402E-03  0.12625E+02  0.12533E+02  0.29987E-03  0.12226E+02
   11.0000   4.8300  19.0000  0.28997E+01  0.28155E+01  0.21033E-04  0.28085E+01  0.27249E+01  0.20836E-04  0.27170E+01
